1687227852.824731 2023-06-20 02:24:12 MainProcess-29169 MainThread-46914024787328 parsl.dataflow.dflow:90 __init__ INFO: Starting DataFlowKernel with config
Config(
    app_cache=True, 
    checkpoint_files=None, 
    checkpoint_mode=None, 
    checkpoint_period=None, 
    executors=[FluxExecutor(
        flux_executor_kwargs={}, 
        flux_path='/home/sfgary/parsl_flux/spack/opt/spack/linux-centos7-cascadelake/gcc-12.2.0/flux-core-0.49.0-fua4fzgwlifddub46tsg3yajya5khdim/bin/flux', 
        label='myFluxExecSlurmProv', 
        launch_cmd='srun -N2 --ntasks-per-node=2 {flux} start --verbose=3 -o,-v {python} {manager} {protocol} {hostname} {port}', 
        provider=SlurmProvider(
            account=None, 
            channel=LocalChannel(
                envs={}, 
                script_dir=None, 
                userhome='/home/sfgary/parsl_mpi/run_on_cluster'
            ), 
            cmd_timeout=10, 
            cores_per_node=None, 
            exclusive=False, 
            init_blocks=1, 
            launcher=SimpleLauncher(debug=True), 
            max_blocks=10, 
            mem_per_node=None, 
            min_blocks=0, 
            move_files=True, 
            nodes_per_block=2, 
            parallelism=2.0, 
            partition='compute', 
            regex_job_id='Submitted batch job (?P<id>\\S*)', 
            scheduler_options='\n#SBATCH --partition=compute\n', 
            walltime='01:00:00', 
            worker_init='\n'
        ), 
        working_dir='/home/sfgary/parsl_mpi/run_on_cluster/FluxExecWorkDir'
    )], 
    garbage_collect=True, 
    initialize_logging=True, 
    internal_tasks_max_threads=10, 
    max_idletime=120.0, 
    monitoring=None, 
    retries=0, 
    retry_handler=None, 
    run_dir='runinfo', 
    strategy='simple', 
    usage_tracking=False
)
1687227852.824915 2023-06-20 02:24:12 MainProcess-29169 MainThread-46914024787328 parsl.dataflow.dflow:92 __init__ INFO: Parsl version: 2023.06.19
1687227852.825005 2023-06-20 02:24:12 MainProcess-29169 MainThread-46914024787328 parsl.usage_tracking.usage:127 __init__ DEBUG: Tracking status: False
1687227852.825103 2023-06-20 02:24:12 MainProcess-29169 MainThread-46914024787328 parsl.dataflow.dflow:120 __init__ INFO: Run id is: 4d88d4b1-a788-410d-8d02-dc0e555d7ac1
1687227852.875711 2023-06-20 02:24:12 MainProcess-29169 MainThread-46914024787328 parsl.dataflow.dflow:127 __init__ DEBUG: Considering candidate for workflow name: /home/sfgary/parsl_flux/spack/opt/spack/linux-centos7-cascadelake/gcc-12.2.0/python-3.10.10-6ewujst6j77q3nwz3nv277gha5fe6rdn/lib/python3.10/site-packages/parsl/dataflow/dflow.py
1687227852.875782 2023-06-20 02:24:12 MainProcess-29169 MainThread-46914024787328 parsl.dataflow.dflow:127 __init__ DEBUG: Considering candidate for workflow name: /home/sfgary/parsl_flux/spack/opt/spack/linux-centos7-cascadelake/gcc-12.2.0/python-3.10.10-6ewujst6j77q3nwz3nv277gha5fe6rdn/lib/python3.10/site-packages/typeguard/__init__.py
1687227852.875815 2023-06-20 02:24:12 MainProcess-29169 MainThread-46914024787328 parsl.dataflow.dflow:127 __init__ DEBUG: Considering candidate for workflow name: /home/sfgary/parsl_flux/spack/opt/spack/linux-centos7-cascadelake/gcc-12.2.0/python-3.10.10-6ewujst6j77q3nwz3nv277gha5fe6rdn/lib/python3.10/site-packages/parsl/dataflow/dflow.py
1687227852.875844 2023-06-20 02:24:12 MainProcess-29169 MainThread-46914024787328 parsl.dataflow.dflow:127 __init__ DEBUG: Considering candidate for workflow name: /home/sfgary/parsl_flux/spack/opt/spack/linux-centos7-cascadelake/gcc-12.2.0/python-3.10.10-6ewujst6j77q3nwz3nv277gha5fe6rdn/lib/python3.10/site-packages/typeguard/__init__.py
1687227852.875874 2023-06-20 02:24:12 MainProcess-29169 MainThread-46914024787328 parsl.dataflow.dflow:127 __init__ DEBUG: Considering candidate for workflow name: /home/sfgary/parsl_mpi/run_on_cluster/FluxExec_SlurmProv.py
1687227852.875902 2023-06-20 02:24:12 MainProcess-29169 MainThread-46914024787328 parsl.dataflow.dflow:133 __init__ DEBUG: Using FluxExec_SlurmProv.py as workflow name
1687227852.876044 2023-06-20 02:24:12 MainProcess-29169 MainThread-46914024787328 parsl.dataflow.memoization:163 __init__ INFO: App caching initialized
1687227852.876094 2023-06-20 02:24:12 MainProcess-29169 MainThread-46914024787328 parsl.dataflow.strategy:131 __init__ DEBUG: Scaling strategy: simple
1687227852.876963 2023-06-20 02:24:12 MainProcess-29169 Thread-1 (_submit_wrapper)-46914319279872 parsl.providers.slurm.slurm:216 submit DEBUG: Requesting one block with 2 nodes
1687227852.877106 2023-06-20 02:24:12 MainProcess-29169 Thread-1 (_submit_wrapper)-46914319279872 parsl.providers.slurm.slurm:232 submit DEBUG: Writing submit script
1687227852.877661 2023-06-20 02:24:12 MainProcess-29169 MainThread-46914024787328 parsl.dataflow.dflow:940 submit DEBUG: Task 0 will be sent to executor myFluxExecSlurmProv
1687227852.877765 2023-06-20 02:24:12 MainProcess-29169 MainThread-46914024787328 parsl.data_provider.files:54 cleancopy DEBUG: Making clean copy of File object <File at 0x2aab16a19c90 url=./mpitest.c scheme=file netloc= path=./mpitest.c filename=mpitest.c>
1687227852.880980 2023-06-20 02:24:12 MainProcess-29169 MainThread-46914024787328 parsl.data_provider.data_manager:129 stage_in DEBUG: stage_in checking Staging provider NoOpFileStaging()
1687227852.881095 2023-06-20 02:24:12 MainProcess-29169 MainThread-46914024787328 parsl.data_provider.file_noop:13 can_stage_in DEBUG: NoOpFileStaging checking file <File at 0x2aab16a1a170 url=./mpitest.c scheme=file netloc= path=./mpitest.c filename=mpitest.c>
1687227852.881352 2023-06-20 02:24:12 MainProcess-29169 MainThread-46914024787328 parsl.data_provider.data_manager:88 replace_task DEBUG: stage_in checking Staging provider NoOpFileStaging()
1687227852.881423 2023-06-20 02:24:12 MainProcess-29169 MainThread-46914024787328 parsl.data_provider.file_noop:13 can_stage_in DEBUG: NoOpFileStaging checking file <File at 0x2aab16a1a170 url=./mpitest.c scheme=file netloc= path=./mpitest.c filename=mpitest.c>
1687227852.881466 2023-06-20 02:24:12 MainProcess-29169 MainThread-46914024787328 parsl.dataflow.dflow:758 _add_output_deps DEBUG: Adding output dependencies
1687227852.881516 2023-06-20 02:24:12 MainProcess-29169 MainThread-46914024787328 parsl.dataflow.dflow:1020 submit INFO: Task 0 submitted for App compile_mpi_hello_world_ompi, not waiting on any dependency
1687227852.881562 2023-06-20 02:24:12 MainProcess-29169 Thread-1 (_submit_wrapper)-46914319279872 parsl.providers.slurm.slurm:236 submit DEBUG: moving files
1687227852.881626 2023-06-20 02:24:12 MainProcess-29169 MainThread-46914024787328 parsl.dataflow.dflow:1028 submit DEBUG: Task 0 set to pending state with AppFuture: <AppFuture at 0x2aab16a1a110 state=pending>
1687227852.881758 2023-06-20 02:24:12 MainProcess-29169 MainThread-46914024787328 parsl.dataflow.memoization:225 check_memo DEBUG: Task 0 will not be memoized
1687227852.891282 2023-06-20 02:24:12 MainProcess-29169 MainThread-46914024787328 parsl.dataflow.dflow:721 launch_task INFO: Parsl task 0 try 0 launched on executor myFluxExecSlurmProv
1687227852.891543 2023-06-20 02:24:12 MainProcess-29169 MainThread-46914024787328 parsl.dataflow.dflow:1380 _log_std_streams INFO: Standard output for task 0 available at compile.out
1687227852.891593 2023-06-20 02:24:12 MainProcess-29169 MainThread-46914024787328 parsl.dataflow.dflow:1382 _log_std_streams INFO: Standard error for task 0 available at compile.err
1687227852.892057 2023-06-20 02:24:12 MainProcess-29169 MainThread-46914024787328 parsl.dataflow.dflow:940 submit DEBUG: Task 1 will be sent to executor myFluxExecSlurmProv
1687227852.892157 2023-06-20 02:24:12 MainProcess-29169 MainThread-46914024787328 parsl.dataflow.dflow:758 _add_output_deps DEBUG: Adding output dependencies
1687227852.892221 2023-06-20 02:24:12 MainProcess-29169 MainThread-46914024787328 parsl.data_provider.files:54 cleancopy DEBUG: Making clean copy of File object <File at 0x2aab16a1a0b0 url=./hello-0.out scheme=file netloc= path=./hello-0.out filename=hello-0.out>
1687227852.892331 2023-06-20 02:24:12 MainProcess-29169 MainThread-46914024787328 parsl.dataflow.dflow:772 _add_output_deps DEBUG: Submitting stage out for output file <File at 0x2aab16a1a0b0 url=./hello-0.out scheme=file netloc= path=./hello-0.out filename=hello-0.out>
1687227852.893072 2023-06-20 02:24:12 MainProcess-29169 MainThread-46914024787328 parsl.data_provider.data_manager:161 stage_out DEBUG: stage_out checking Staging provider NoOpFileStaging()
1687227852.893143 2023-06-20 02:24:12 MainProcess-29169 MainThread-46914024787328 parsl.data_provider.file_noop:17 can_stage_out DEBUG: NoOpFileStaging checking file <File at 0x2aab16a1ba60 url=./hello-0.out scheme=file netloc= path=./hello-0.out filename=hello-0.out>
1687227852.893182 2023-06-20 02:24:12 MainProcess-29169 MainThread-46914024787328 parsl.dataflow.dflow:778 _add_output_deps DEBUG: No stageout dependency for <File at 0x2aab16a1a0b0 url=./hello-0.out scheme=file netloc= path=./hello-0.out filename=hello-0.out>
1687227852.893399 2023-06-20 02:24:12 MainProcess-29169 MainThread-46914024787328 parsl.app.futures:64 __init__ DEBUG: Creating DataFuture with parent: <AppFuture at 0x2aab16a1a200 state=pending> and file: <File at 0x2aab16a1a0b0 url=./hello-0.out scheme=file netloc= path=./hello-0.out filename=hello-0.out>
1687227852.893703 2023-06-20 02:24:12 MainProcess-29169 MainThread-46914024787328 parsl.data_provider.data_manager:47 replace_task_stage_out DEBUG: stage_out checking Staging provider NoOpFileStaging()
1687227852.893762 2023-06-20 02:24:12 MainProcess-29169 MainThread-46914024787328 parsl.data_provider.file_noop:17 can_stage_out DEBUG: NoOpFileStaging checking file <File at 0x2aab16a1ba60 url=./hello-0.out scheme=file netloc= path=./hello-0.out filename=hello-0.out>
1687227852.893811 2023-06-20 02:24:12 MainProcess-29169 MainThread-46914024787328 parsl.dataflow.dflow:1020 submit INFO: Task 1 submitted for App run_mpi_hello_world_ompi, waiting on task 0
1687227852.893854 2023-06-20 02:24:12 MainProcess-29169 MainThread-46914024787328 parsl.dataflow.dflow:1028 submit DEBUG: Task 1 set to pending state with AppFuture: <AppFuture at 0x2aab16a1a200 state=pending>
1687227852.893895 2023-06-20 02:24:12 MainProcess-29169 MainThread-46914024787328 parsl.dataflow.dflow:608 launch_if_ready DEBUG: Task 1 has outstanding dependencies, so launch_if_ready skipping
1687227852.894355 2023-06-20 02:24:12 MainProcess-29169 MainThread-46914024787328 parsl.dataflow.dflow:940 submit DEBUG: Task 2 will be sent to executor myFluxExecSlurmProv
1687227852.894436 2023-06-20 02:24:12 MainProcess-29169 MainThread-46914024787328 parsl.dataflow.dflow:758 _add_output_deps DEBUG: Adding output dependencies
1687227852.894475 2023-06-20 02:24:12 MainProcess-29169 MainThread-46914024787328 parsl.data_provider.files:54 cleancopy DEBUG: Making clean copy of File object <File at 0x2aab16a1aa70 url=./hello-1.out scheme=file netloc= path=./hello-1.out filename=hello-1.out>
1687227852.894587 2023-06-20 02:24:12 MainProcess-29169 MainThread-46914024787328 parsl.dataflow.dflow:772 _add_output_deps DEBUG: Submitting stage out for output file <File at 0x2aab16a1aa70 url=./hello-1.out scheme=file netloc= path=./hello-1.out filename=hello-1.out>
1687227852.894835 2023-06-20 02:24:12 MainProcess-29169 MainThread-46914024787328 parsl.data_provider.data_manager:161 stage_out DEBUG: stage_out checking Staging provider NoOpFileStaging()
1687227852.894888 2023-06-20 02:24:12 MainProcess-29169 MainThread-46914024787328 parsl.data_provider.file_noop:17 can_stage_out DEBUG: NoOpFileStaging checking file <File at 0x2aab16a1bb50 url=./hello-1.out scheme=file netloc= path=./hello-1.out filename=hello-1.out>
1687227852.894923 2023-06-20 02:24:12 MainProcess-29169 MainThread-46914024787328 parsl.dataflow.dflow:778 _add_output_deps DEBUG: No stageout dependency for <File at 0x2aab16a1aa70 url=./hello-1.out scheme=file netloc= path=./hello-1.out filename=hello-1.out>
1687227852.895041 2023-06-20 02:24:12 MainProcess-29169 MainThread-46914024787328 parsl.app.futures:64 __init__ DEBUG: Creating DataFuture with parent: <AppFuture at 0x2aab16a1aad0 state=pending> and file: <File at 0x2aab16a1aa70 url=./hello-1.out scheme=file netloc= path=./hello-1.out filename=hello-1.out>
1687227852.895285 2023-06-20 02:24:12 MainProcess-29169 MainThread-46914024787328 parsl.data_provider.data_manager:47 replace_task_stage_out DEBUG: stage_out checking Staging provider NoOpFileStaging()
1687227852.895335 2023-06-20 02:24:12 MainProcess-29169 MainThread-46914024787328 parsl.data_provider.file_noop:17 can_stage_out DEBUG: NoOpFileStaging checking file <File at 0x2aab16a1bb50 url=./hello-1.out scheme=file netloc= path=./hello-1.out filename=hello-1.out>
1687227852.895384 2023-06-20 02:24:12 MainProcess-29169 MainThread-46914024787328 parsl.dataflow.dflow:1020 submit INFO: Task 2 submitted for App run_mpi_hello_world_ompi, waiting on task 0
1687227852.895425 2023-06-20 02:24:12 MainProcess-29169 MainThread-46914024787328 parsl.dataflow.dflow:1028 submit DEBUG: Task 2 set to pending state with AppFuture: <AppFuture at 0x2aab16a1aad0 state=pending>
1687227852.895473 2023-06-20 02:24:12 MainProcess-29169 MainThread-46914024787328 parsl.dataflow.dflow:608 launch_if_ready DEBUG: Task 2 has outstanding dependencies, so launch_if_ready skipping
1687227853.876358 2023-06-20 02:24:13 MainProcess-29169 JobStatusPoller-Timer-Thread-46914307463472-46914317178624 parsl.dataflow.strategy:164 _general_strategy DEBUG: general strategy starting with strategy_type simple for 0 executors
1687227853.876489 2023-06-20 02:24:13 MainProcess-29169 JobStatusPoller-Timer-Thread-46914307463472-46914317178624 parsl.process_loggers:28 wrapped DEBUG: Normal ending for _general_strategy on thread JobStatusPoller-Timer-Thread-46914307463472
1687227853.904484 2023-06-20 02:24:13 MainProcess-29169 Thread-1 (_submit_wrapper)-46914319279872 parsl.providers.slurm.slurm:156 _status DEBUG: Executing squeue --noheader --format='%i %t' --job '9'
1687227853.915870 2023-06-20 02:24:13 MainProcess-29169 Thread-1 (_submit_wrapper)-46914319279872 parsl.providers.slurm.slurm:158 _status DEBUG: squeue returned 9 R
 
1687227853.916060 2023-06-20 02:24:13 MainProcess-29169 Thread-1 (_submit_wrapper)-46914319279872 parsl.providers.slurm.slurm:174 _status DEBUG: Updating job 9 with slurm status R to parsl state JobState.RUNNING
1687227854.916692 2023-06-20 02:24:14 MainProcess-29169 Thread-1 (_submit_wrapper)-46914319279872 parsl.providers.slurm.slurm:156 _status DEBUG: Executing squeue --noheader --format='%i %t' --job '9'
1687227854.926937 2023-06-20 02:24:14 MainProcess-29169 Thread-1 (_submit_wrapper)-46914319279872 parsl.providers.slurm.slurm:158 _status DEBUG: squeue returned 9 R
 
1687227854.927136 2023-06-20 02:24:14 MainProcess-29169 Thread-1 (_submit_wrapper)-46914319279872 parsl.providers.slurm.slurm:174 _status DEBUG: Updating job 9 with slurm status R to parsl state JobState.RUNNING
1687227858.709234 2023-06-20 02:24:18 MainProcess-29169 FluxExecutor-0-0-46914555488000 parsl.dataflow.dflow:545 _complete_task INFO: Task 0 completed (launched -> exec_done)
1687227858.709457 2023-06-20 02:24:18 MainProcess-29169 FluxExecutor-0-0-46914555488000 parsl.dataflow.memoization:225 check_memo DEBUG: Task 1 will not be memoized
1687227858.713988 2023-06-20 02:24:18 MainProcess-29169 FluxExecutor-0-0-46914555488000 parsl.dataflow.dflow:721 launch_task INFO: Parsl task 1 try 0 launched on executor myFluxExecSlurmProv
1687227858.714216 2023-06-20 02:24:18 MainProcess-29169 FluxExecutor-0-0-46914555488000 parsl.dataflow.dflow:1380 _log_std_streams INFO: Standard output for task 1 available at run-0.out
1687227858.714270 2023-06-20 02:24:18 MainProcess-29169 FluxExecutor-0-0-46914555488000 parsl.dataflow.dflow:1382 _log_std_streams INFO: Standard error for task 1 available at run-0.err
1687227858.714609 2023-06-20 02:24:18 MainProcess-29169 FluxExecutor-0-0-46914555488000 parsl.dataflow.memoization:225 check_memo DEBUG: Task 2 will not be memoized
1687227858.714827 2023-06-20 02:24:18 MainProcess-29169 FluxExecutor-0-0-46914555488000 parsl.dataflow.dflow:721 launch_task INFO: Parsl task 2 try 0 launched on executor myFluxExecSlurmProv
1687227858.714878 2023-06-20 02:24:18 MainProcess-29169 FluxExecutor-0-0-46914555488000 parsl.dataflow.dflow:1380 _log_std_streams INFO: Standard output for task 2 available at run-1.out
1687227858.715246 2023-06-20 02:24:18 MainProcess-29169 FluxExecutor-0-0-46914555488000 parsl.dataflow.dflow:1382 _log_std_streams INFO: Standard error for task 2 available at run-1.err
1687227858.715301 2023-06-20 02:24:18 MainProcess-29169 FluxExecutor-0-0-46914555488000 parsl.dataflow.dflow:1380 _log_std_streams INFO: Standard output for task 0 available at compile.out
1687227858.715328 2023-06-20 02:24:18 MainProcess-29169 FluxExecutor-0-0-46914555488000 parsl.dataflow.dflow:1382 _log_std_streams INFO: Standard error for task 0 available at compile.err
1687227858.876426 2023-06-20 02:24:18 MainProcess-29169 JobStatusPoller-Timer-Thread-46914307463472-46914317178624 parsl.dataflow.strategy:164 _general_strategy DEBUG: general strategy starting with strategy_type simple for 0 executors
1687227858.876542 2023-06-20 02:24:18 MainProcess-29169 JobStatusPoller-Timer-Thread-46914307463472-46914317178624 parsl.process_loggers:28 wrapped DEBUG: Normal ending for _general_strategy on thread JobStatusPoller-Timer-Thread-46914307463472
1687227859.517576 2023-06-20 02:24:19 MainProcess-29169 FluxExecutor-0-0-46914555488000 parsl.app.errors:119 reraise DEBUG: Reraising exception of type <class 'parsl.app.errors.BashExitFailure'>
1687227859.517799 2023-06-20 02:24:19 MainProcess-29169 FluxExecutor-0-0-46914555488000 parsl.dataflow.dflow:303 handle_exec_update DEBUG: Task 2 try 0 failed
1687227859.517870 2023-06-20 02:24:19 MainProcess-29169 FluxExecutor-0-0-46914555488000 parsl.dataflow.dflow:349 handle_exec_update ERROR: Task 2 failed after 0 retry attempts
Traceback (most recent call last):
  File "/home/sfgary/parsl_flux/spack/opt/spack/linux-centos7-cascadelake/gcc-12.2.0/python-3.10.10-6ewujst6j77q3nwz3nv277gha5fe6rdn/lib/python3.10/site-packages/parsl/dataflow/dflow.py", line 300, in handle_exec_update
    res = self._unwrap_remote_exception_wrapper(future)
  File "/home/sfgary/parsl_flux/spack/opt/spack/linux-centos7-cascadelake/gcc-12.2.0/python-3.10.10-6ewujst6j77q3nwz3nv277gha5fe6rdn/lib/python3.10/site-packages/parsl/dataflow/dflow.py", line 566, in _unwrap_remote_exception_wrapper
    result.reraise()
  File "/home/sfgary/parsl_flux/spack/opt/spack/linux-centos7-cascadelake/gcc-12.2.0/python-3.10.10-6ewujst6j77q3nwz3nv277gha5fe6rdn/lib/python3.10/site-packages/parsl/app/errors.py", line 123, in reraise
    reraise(t, v, v.__traceback__)
  File "/home/sfgary/parsl_flux/spack/opt/spack/linux-centos7-cascadelake/gcc-12.2.0/python-3.10.10-6ewujst6j77q3nwz3nv277gha5fe6rdn/lib/python3.10/site-packages/six.py", line 719, in reraise
    raise value
  File "/home/sfgary/parsl_flux/spack/opt/spack/linux-centos7-cascadelake/gcc-12.2.0/python-3.10.10-6ewujst6j77q3nwz3nv277gha5fe6rdn/lib/python3.10/site-packages/parsl/app/errors.py", line 146, in wrapper
    return func(*args, **kwargs)
  File "/home/sfgary/parsl_flux/spack/opt/spack/linux-centos7-cascadelake/gcc-12.2.0/python-3.10.10-6ewujst6j77q3nwz3nv277gha5fe6rdn/lib/python3.10/site-packages/parsl/app/bash.py", line 86, in remote_side_bash_executor
    raise pe.BashExitFailure(func_name, proc.returncode)
parsl.app.errors.BashExitFailure: bash_app run_mpi_hello_world_ompi failed with unix exit code 1
1687227859.518516 2023-06-20 02:24:19 MainProcess-29169 FluxExecutor-0-0-46914555488000 parsl.dataflow.dflow:1380 _log_std_streams INFO: Standard output for task 2 available at run-1.out
1687227859.518576 2023-06-20 02:24:19 MainProcess-29169 FluxExecutor-0-0-46914555488000 parsl.dataflow.dflow:1382 _log_std_streams INFO: Standard error for task 2 available at run-1.err
1687227859.748821 2023-06-20 02:24:19 MainProcess-29169 FluxExecutor-0-0-46914555488000 parsl.app.errors:119 reraise DEBUG: Reraising exception of type <class 'parsl.app.errors.BashExitFailure'>
1687227859.749042 2023-06-20 02:24:19 MainProcess-29169 FluxExecutor-0-0-46914555488000 parsl.dataflow.dflow:303 handle_exec_update DEBUG: Task 1 try 0 failed
1687227859.749108 2023-06-20 02:24:19 MainProcess-29169 FluxExecutor-0-0-46914555488000 parsl.dataflow.dflow:349 handle_exec_update ERROR: Task 1 failed after 0 retry attempts
Traceback (most recent call last):
  File "/home/sfgary/parsl_flux/spack/opt/spack/linux-centos7-cascadelake/gcc-12.2.0/python-3.10.10-6ewujst6j77q3nwz3nv277gha5fe6rdn/lib/python3.10/site-packages/parsl/dataflow/dflow.py", line 300, in handle_exec_update
    res = self._unwrap_remote_exception_wrapper(future)
  File "/home/sfgary/parsl_flux/spack/opt/spack/linux-centos7-cascadelake/gcc-12.2.0/python-3.10.10-6ewujst6j77q3nwz3nv277gha5fe6rdn/lib/python3.10/site-packages/parsl/dataflow/dflow.py", line 566, in _unwrap_remote_exception_wrapper
    result.reraise()
  File "/home/sfgary/parsl_flux/spack/opt/spack/linux-centos7-cascadelake/gcc-12.2.0/python-3.10.10-6ewujst6j77q3nwz3nv277gha5fe6rdn/lib/python3.10/site-packages/parsl/app/errors.py", line 123, in reraise
    reraise(t, v, v.__traceback__)
  File "/home/sfgary/parsl_flux/spack/opt/spack/linux-centos7-cascadelake/gcc-12.2.0/python-3.10.10-6ewujst6j77q3nwz3nv277gha5fe6rdn/lib/python3.10/site-packages/six.py", line 719, in reraise
    raise value
  File "/home/sfgary/parsl_flux/spack/opt/spack/linux-centos7-cascadelake/gcc-12.2.0/python-3.10.10-6ewujst6j77q3nwz3nv277gha5fe6rdn/lib/python3.10/site-packages/parsl/app/errors.py", line 146, in wrapper
    return func(*args, **kwargs)
  File "/home/sfgary/parsl_flux/spack/opt/spack/linux-centos7-cascadelake/gcc-12.2.0/python-3.10.10-6ewujst6j77q3nwz3nv277gha5fe6rdn/lib/python3.10/site-packages/parsl/app/bash.py", line 86, in remote_side_bash_executor
    raise pe.BashExitFailure(func_name, proc.returncode)
parsl.app.errors.BashExitFailure: bash_app run_mpi_hello_world_ompi failed with unix exit code 1
1687227859.749366 2023-06-20 02:24:19 MainProcess-29169 FluxExecutor-0-0-46914555488000 parsl.dataflow.dflow:1380 _log_std_streams INFO: Standard output for task 1 available at run-0.out
1687227859.749583 2023-06-20 02:24:19 MainProcess-29169 FluxExecutor-0-0-46914555488000 parsl.dataflow.dflow:1382 _log_std_streams INFO: Standard error for task 1 available at run-0.err
1687227859.751252 2023-06-20 02:24:19 MainProcess-29169 MainThread-46914024787328 parsl.dataflow.dflow:1128 atexit_cleanup INFO: DFK cleanup because python process is exiting
1687227859.751335 2023-06-20 02:24:19 MainProcess-29169 MainThread-46914024787328 parsl.dataflow.dflow:1162 cleanup INFO: DFK cleanup initiated
1687227859.751372 2023-06-20 02:24:19 MainProcess-29169 MainThread-46914024787328 parsl.dataflow.dflow:1066 log_task_states INFO: Summary of tasks in DFK:
1687227859.751421 2023-06-20 02:24:19 MainProcess-29169 MainThread-46914024787328 parsl.dataflow.dflow:1070 log_task_states INFO: Tasks in state States.unsched: 0
1687227859.751453 2023-06-20 02:24:19 MainProcess-29169 MainThread-46914024787328 parsl.dataflow.dflow:1070 log_task_states INFO: Tasks in state States.pending: 0
1687227859.751482 2023-06-20 02:24:19 MainProcess-29169 MainThread-46914024787328 parsl.dataflow.dflow:1070 log_task_states INFO: Tasks in state States.running: 0
1687227859.751523 2023-06-20 02:24:19 MainProcess-29169 MainThread-46914024787328 parsl.dataflow.dflow:1070 log_task_states INFO: Tasks in state States.exec_done: 1
1687227859.751552 2023-06-20 02:24:19 MainProcess-29169 MainThread-46914024787328 parsl.dataflow.dflow:1070 log_task_states INFO: Tasks in state States.failed: 2
1687227859.751580 2023-06-20 02:24:19 MainProcess-29169 MainThread-46914024787328 parsl.dataflow.dflow:1070 log_task_states INFO: Tasks in state States.dep_fail: 0
1687227859.751609 2023-06-20 02:24:19 MainProcess-29169 MainThread-46914024787328 parsl.dataflow.dflow:1070 log_task_states INFO: Tasks in state States.launched: 0
1687227859.751638 2023-06-20 02:24:19 MainProcess-29169 MainThread-46914024787328 parsl.dataflow.dflow:1070 log_task_states INFO: Tasks in state States.fail_retryable: 0
1687227859.751668 2023-06-20 02:24:19 MainProcess-29169 MainThread-46914024787328 parsl.dataflow.dflow:1070 log_task_states INFO: Tasks in state States.memo_done: 0
1687227859.751696 2023-06-20 02:24:19 MainProcess-29169 MainThread-46914024787328 parsl.dataflow.dflow:1070 log_task_states INFO: Tasks in state States.joining: 0
1687227859.751728 2023-06-20 02:24:19 MainProcess-29169 MainThread-46914024787328 parsl.dataflow.dflow:1070 log_task_states INFO: Tasks in state States.running_ended: 0
1687227859.751755 2023-06-20 02:24:19 MainProcess-29169 MainThread-46914024787328 parsl.dataflow.dflow:1072 log_task_states INFO: End of summary
1687227859.751831 2023-06-20 02:24:19 MainProcess-29169 MainThread-46914024787328 parsl.dataflow.dflow:1186 cleanup INFO: Closing job status poller
1687227859.751998 2023-06-20 02:24:19 MainProcess-29169 MainThread-46914024787328 parsl.dataflow.dflow:1188 cleanup INFO: Terminated job status poller
1687227859.752042 2023-06-20 02:24:19 MainProcess-29169 MainThread-46914024787328 parsl.dataflow.dflow:1190 cleanup INFO: Scaling in and shutting down executors
1687227859.752106 2023-06-20 02:24:19 MainProcess-29169 MainThread-46914024787328 parsl.dataflow.dflow:1205 cleanup INFO: Shutting down executor myFluxExecSlurmProv
1687227859.910004 2023-06-20 02:24:19 MainProcess-29169 MainThread-46914024787328 parsl.dataflow.dflow:1207 cleanup INFO: Shut down executor myFluxExecSlurmProv
1687227859.910155 2023-06-20 02:24:19 MainProcess-29169 MainThread-46914024787328 parsl.dataflow.dflow:1205 cleanup INFO: Shutting down executor _parsl_internal
1687227859.910204 2023-06-20 02:24:19 MainProcess-29169 MainThread-46914024787328 parsl.executors.threads:97 shutdown DEBUG: Shutting down executor, which involves waiting for running tasks to complete
1687227859.910250 2023-06-20 02:24:19 MainProcess-29169 MainThread-46914024787328 parsl.executors.threads:99 shutdown DEBUG: Done with executor shutdown
1687227859.910278 2023-06-20 02:24:19 MainProcess-29169 MainThread-46914024787328 parsl.dataflow.dflow:1207 cleanup INFO: Shut down executor _parsl_internal
1687227859.910304 2023-06-20 02:24:19 MainProcess-29169 MainThread-46914024787328 parsl.dataflow.dflow:1211 cleanup INFO: Terminated executors
1687227859.910335 2023-06-20 02:24:19 MainProcess-29169 MainThread-46914024787328 parsl.dataflow.dflow:1228 cleanup INFO: DFK cleanup complete
1687227859.910365 2023-06-20 02:24:19 MainProcess-29169 MainThread-46914024787328 parsl.process_loggers:28 wrapped DEBUG: Normal ending for cleanup on thread MainThread
